<?xml version="1.0" encoding="UTF-8"?>
<testsuite name="GameTest" tests="17" skipped="0" failures="0" errors="0" timestamp="2021-03-28T09:44:14" hostname="TRYMI-NB" time="0.101">
  <properties/>
  <testcase name="[1] rock, rock, 0" classname="GameTest" time="0.042"/>
  <testcase name="[2] rock, paper, 2" classname="GameTest" time="0.001"/>
  <testcase name="[3] rock, scissors, 1" classname="GameTest" time="0.002"/>
  <testcase name="[4] paper, rock, 1" classname="GameTest" time="0.001"/>
  <testcase name="[5] paper, paper, 0" classname="GameTest" time="0.001"/>
  <testcase name="[6] paper, scissors, 2" classname="GameTest" time="0.001"/>
  <testcase name="[7] scissors, rock, 2" classname="GameTest" time="0.002"/>
  <testcase name="[8] scissors, paper, 1" classname="GameTest" time="0.002"/>
  <testcase name="[9] scissors, scissors, 0" classname="GameTest" time="0.001"/>
  <testcase name="[10] HELLO, WORLD, -1" classname="GameTest" time="0.002"/>
  <testcase name="[1] rock" classname="GameTest" time="0.002"/>
  <testcase name="[2] paper" classname="GameTest" time="0.001"/>
  <testcase name="[3] scissors" classname="GameTest" time="0.001"/>
  <testcase name="[1] HELLO_WORLD" classname="GameTest" time="0.004"/>
  <testcase name="[2] null" classname="GameTest" time="0.001"/>
  <testcase name="[3] 123" classname="GameTest" time="0.002"/>
  <testcase name="[4] 64.7777" classname="GameTest" time="0.002"/>
  <system-out><![CDATA[]]></system-out>
  <system-err><![CDATA[]]></system-err>
</testsuite>
